{"accessKey":"jdxRYTfAHFbvuKge9yK3Vf8DedrHWSRhPXoGKMsuP1gPNjsfpN","level":"info","message":"Imported ApiClient and User Credenetials","timestamp":"2022-10-03T09:42:03.555Z","username":"thegreatbonniee"}
{"accessKey":"jdxRYTfAHFbvuKge9yK3Vf8DedrHWSRhPXoGKMsuP1gPNjsfpN","level":"info","message":"Imported ApiClient and User Credenetials","timestamp":"2022-10-03T10:10:49.652Z","username":"thegreatbonniee"}
{"accessKey":"BsrXVWCpUDlP84LuJZnUgui9LBbHLichewCaziHKGYgjydbSnP","level":"info","message":"Imported ApiClient and User Credenetials","timestamp":"2022-10-03T13:18:21.717Z","username":"himanshu.sheth"}
{"accessKey":"BsrXVWCpUDlP84LuJZnUgui9LBbHLichewCaziHKGYgjydbSnP","level":"info","message":"Imported ApiClient and User Credenetials","timestamp":"2022-10-03T13:21:13.955Z","username":"himanshu.sheth"}
{"accessKey":"BsrXVWCpUDlP84LuJZnUgui9LBbHLichewCaziHKGYgjydbSnP","level":"info","message":"Imported ApiClient and User Credenetials","timestamp":"2022-10-03T13:22:23.724Z","username":"himanshu.sheth"}
{"accessKey":"BsrXVWCpUDlP84LuJZnUgui9LBbHLichewCaziHKGYgjydbSnP","level":"info","message":"Imported ApiClient and User Credenetials","timestamp":"2022-10-03T13:23:40.656Z","username":"himanshu.sheth"}
{"accessKey":"7A6pDWfFCavmJajP7466YAnCaH5pndMtfG0TnsSbfaPzUeJmu3","level":"info","message":"Imported ApiClient and User Credenetials","timestamp":"2022-10-03T13:42:35.448Z","username":"himanshujlambdatest"}
{"body":"{\"status_ind\":\"failed\"}","headers":{"Accept":"application/json","Authorization":"Basic aGltYW5zaHVqbGFtYmRhdGVzdDo3QTZwRFdmRkNhdm1KYWpQNzQ2NllBbkNhSDVwbmRNdGZHMFRuc1NiZmFQelVlSm11Mw==","Content-Type":"application/json","client":"npm-rest-client","version":"1.0.5"},"level":"info","message":"Api request options ","method":"PATCH","timestamp":"2022-10-03T13:42:48.615Z","url":"https://api.lambdatest.com/automation/api/v1/sessions/457af6a74568a42344292aefdc38920d"}
{"level":"info","message":"Api response json :  Session updated successfully","status":"success","timestamp":"2022-10-03T13:42:50.155Z"}
{"accessKey":"7A6pDWfFCavmJajP7466YAnCaH5pndMtfG0TnsSbfaPzUeJmu3","level":"info","message":"Imported ApiClient and User Credenetials","timestamp":"2022-10-04T12:04:16.862Z","username":"himanshujlambdatest"}
{"body":"{\"status_ind\":\"failed\"}","headers":{"Accept":"application/json","Authorization":"Basic aGltYW5zaHVqbGFtYmRhdGVzdDo3QTZwRFdmRkNhdm1KYWpQNzQ2NllBbkNhSDVwbmRNdGZHMFRuc1NiZmFQelVlSm11Mw==","Content-Type":"application/json","client":"npm-rest-client","version":"1.0.5"},"level":"info","message":"Api request options ","method":"PATCH","timestamp":"2022-10-04T12:04:28.548Z","url":"https://api.lambdatest.com/automation/api/v1/sessions/6cc3c3fb3330e9acf36969c9b7298a53"}
{"level":"info","message":"Api response json :  Session updated successfully","status":"success","timestamp":"2022-10-04T12:04:30.254Z"}
{"accessKey":"7A6pDWfFCavmJajP7466YAnCaH5pndMtfG0TnsSbfaPzUeJmu3","level":"info","message":"Imported ApiClient and User Credenetials","timestamp":"2022-10-04T12:22:04.335Z","username":"himanshujlambdatest"}
{"body":"{\"status_ind\":\"failed\"}","headers":{"Accept":"application/json","Authorization":"Basic aGltYW5zaHVqbGFtYmRhdGVzdDo3QTZwRFdmRkNhdm1KYWpQNzQ2NllBbkNhSDVwbmRNdGZHMFRuc1NiZmFQelVlSm11Mw==","Content-Type":"application/json","client":"npm-rest-client","version":"1.0.5"},"level":"info","message":"Api request options ","method":"PATCH","timestamp":"2022-10-04T12:22:17.145Z","url":"https://api.lambdatest.com/automation/api/v1/sessions/b3696ad601cf66e22f52999576ac1727"}
{"level":"info","message":"Api response json :  Session updated successfully","status":"success","timestamp":"2022-10-04T12:22:18.551Z"}
{"accessKey":"7A6pDWfFCavmJajP7466YAnCaH5pndMtfG0TnsSbfaPzUeJmu3","level":"info","message":"Imported ApiClient and User Credenetials","timestamp":"2022-10-04T12:24:21.627Z","username":"himanshujlambdatest"}
{"body":"{\"status_ind\":\"failed\"}","headers":{"Accept":"application/json","Authorization":"Basic aGltYW5zaHVqbGFtYmRhdGVzdDo3QTZwRFdmRkNhdm1KYWpQNzQ2NllBbkNhSDVwbmRNdGZHMFRuc1NiZmFQelVlSm11Mw==","Content-Type":"application/json","client":"npm-rest-client","version":"1.0.5"},"level":"info","message":"Api request options ","method":"PATCH","timestamp":"2022-10-04T12:24:32.806Z","url":"https://api.lambdatest.com/automation/api/v1/sessions/7886077b25e81e83f6d2111f04613431"}
{"level":"info","message":"Api response json :  Session updated successfully","status":"success","timestamp":"2022-10-04T12:24:34.105Z"}
{"accessKey":"7A6pDWfFCavmJajP7466YAnCaH5pndMtfG0TnsSbfaPzUeJmu3","level":"info","message":"Imported ApiClient and User Credenetials","timestamp":"2022-10-04T12:32:12.640Z","username":"himanshujlambdatest"}
{"body":"{\"status_ind\":\"failed\"}","headers":{"Accept":"application/json","Authorization":"Basic aGltYW5zaHVqbGFtYmRhdGVzdDo3QTZwRFdmRkNhdm1KYWpQNzQ2NllBbkNhSDVwbmRNdGZHMFRuc1NiZmFQelVlSm11Mw==","Content-Type":"application/json","client":"npm-rest-client","version":"1.0.5"},"level":"info","message":"Api request options ","method":"PATCH","timestamp":"2022-10-04T12:32:23.730Z","url":"https://api.lambdatest.com/automation/api/v1/sessions/4ddb9e607c0575b3073b91e02cd377ec"}
{"level":"info","message":"Api response json :  Session updated successfully","status":"success","timestamp":"2022-10-04T12:32:25.129Z"}
{"accessKey":"7A6pDWfFCavmJajP7466YAnCaH5pndMtfG0TnsSbfaPzUeJmu3","level":"info","message":"Imported ApiClient and User Credenetials","timestamp":"2022-10-04T12:36:13.541Z","username":"himanshujlambdatest"}
{"body":"{\"status_ind\":\"failed\"}","headers":{"Accept":"application/json","Authorization":"Basic aGltYW5zaHVqbGFtYmRhdGVzdDo3QTZwRFdmRkNhdm1KYWpQNzQ2NllBbkNhSDVwbmRNdGZHMFRuc1NiZmFQelVlSm11Mw==","Content-Type":"application/json","client":"npm-rest-client","version":"1.0.5"},"level":"info","message":"Api request options ","method":"PATCH","timestamp":"2022-10-04T12:36:26.082Z","url":"https://api.lambdatest.com/automation/api/v1/sessions/ffbffa59801eb9ec684ccdc9f8b74382"}
{"level":"info","message":"Api response json :  Session updated successfully","status":"success","timestamp":"2022-10-04T12:36:27.368Z"}
